{"model":"claude-sonnet-4-6","max_tokens":2048,"messages":[{"role":"user","content":"Issue:\ncapitalize() and repeat() return wrong values\n\n## Bug report\n\nTwo functions in `test/strings.js` have wrong implementations:\n\n**`capitalize(str)`** should return the string with the first letter uppercased and the rest of the characters unchanged.\nCurrently it lowercases the entire string.\n\n**`repeat(str, n)`** should return `str` repeated exactly `n` times.\nCurrently it returns `n+1` repetitions.\n\nFix both functions so all tests pass.\n\nTest output:\n> ai-agent-test@1.0.0 test\n> node --test\n\nTAP version 13\n# Subtest: /home/runner/work/ai-agent-test/ai-agent-test/test/strings.js\nok 1 - /home/runner/work/ai-agent-test/ai-agent-test/test/strings.js\n  ---\n  duration_ms: 36.001441\n  ...\n# Subtest: capitalize: uppercases first letter, leaves rest unchanged\nnot ok 2 - capitalize: uppercases first letter, leaves rest unchanged\n  ---\n  duration_ms: 3.517383\n  location: '/home/runner/work/ai-agent-test/ai-agent-test/test/strings.test.js:5:1'\n  failureType: 'testCodeFailure'\n  error: |-\n    Expected values to be strictly equal:\n    + actual - expected\n    \n    + 'hello'\n    - 'Hello'\n  code: 'ERR_ASSERTION'\n  name: 'AssertionError'\n  expected: 'Hello'\n  actual: 'hello'\n  operator: 'strictEqual'\n  stack: |-\n    TestContext.<anonymous> (file:///home/runner/work/ai-agent-test/ai-agent-test/test/strings.test.js:6:12)\n    Test.runInAsyncScope (node:async_hooks:206:9)\n    Test.run (node:internal/test_runner/test:796:25)\n    Test.processPendingSubtests (node:internal/test_runner/test:526:18)\n    node:internal/test_runner/harness:255:12\n    node:internal/process/task_queues:140:7\n    AsyncResource.runInAsyncScope (node:async_hooks:206:9)\n    AsyncResource.runMicrotask (node:internal/process/task_queues:137:8)\n  ...\n# Subtest: capitalize: single character\nnot ok 3 - capitalize: single character\n  ---\n  duration_ms: 0.347195\n  location: '/home/runner/work/ai-agent-test/ai-agent-test/test/strings.test.js:9:1'\n  failureType: 'testCodeFailure'\n  error: |-\n    Expected values to be strictly equal:\n    \n    'a' !== 'A'\n    \n  code: 'ERR_ASSERTION'\n  name: 'AssertionError'\n  expected: 'A'\n  actual: 'a'\n  operator: 'strictEqual'\n  stack: |-\n    TestContext.<anonymous> (file:///home/runner/work/ai-agent-test/ai-agent-test/test/strings.test.js:10:12)\n    Test.runInAsyncScope (node:async_hooks:206:9)\n    Test.run (node:internal/test_runner/test:796:25)\n    Test.processPendingSubtests (node:internal/test_runner/test:526:18)\n    Test.postRun (node:internal/test_runner/test:889:19)\n    Test.run (node:internal/test_runner/test:835:12)\n    async Test.processPendingSubtests (node:internal/test_runner/test:526:7)\n  ...\n# Subtest: capitalize: already capitalized string\nnot ok 4 - capitalize: already capitalized string\n  ---\n  duration_ms: 0.383352\n  location: '/home/runner/work/ai-agent-test/ai-agent-test/test/strings.test.js:13:1'\n  failureType: 'testCodeFailure'\n  error: |-\n    Expected values to be strictly equal:\n    + actual - expected\n    \n    + 'hello'\n    - 'Hello'\n  code: 'ERR_ASSERTION'\n  name: 'AssertionError'\n  expected: 'Hello'\n  actual: 'hello'\n  operator: 'strictEqual'\n  stack: |-\n    TestContext.<anonymous> (file:///home/runner/work/ai-agent-test/ai-agent-test/test/strings.test.js:14:12)\n    Test.runInAsyncScope (node:async_hooks:206:9)\n    Test.run (node:internal/test_runner/test:796:25)\n    Test.processPendingSubtests (node:internal/test_runner/test:526:18)\n    Test.postRun (node:internal/test_runner/test:889:19)\n    Test.run (node:internal/test_runner/test:835:12)\n    async Test.processPendingSubtests (node:internal/test_runner/test:526:7)\n  ...\n# Subtest: capitalize: preserves mixed case after first letter\nnot ok 5 - capitalize: preserves mixed case after first letter\n  ---\n  duration_ms: 1.655534\n  location: '/home/runner/work/ai-agent-test/ai-agent-test/test/strings.test.js:17:1'\n  failureType: 'testCodeFailure'\n  error: |-\n    Expected values to be strictly equal:\n    + actual - expected\n    \n    + 'hello'\n    - 'HELLO'\n  code: 'ERR_ASSERTION'\n  name: 'AssertionError'\n  expected: 'HELLO'\n  actual: 'hello'\n  operator: 'strictEqual'\n  stack: |-\n    TestContext.<anonymous> (file:///home/runner/work/ai-agent-test/ai-agent-test/test/strings.test.js:18:12)\n    Test.runInAsyncScope (node:async_hooks:206:9)\n    Test.run (node:internal/test_runner/test:796:25)\n    Test.processPendingSubtests (node:internal/test_runner/test:526:18)\n    Test.postRun (node:internal/test_runner/test:889:19)\n    Test.run (node:internal/test_runner/test:835:12)\n    async Test.processPendingSubtests (node:internal/test_runner/test:526:7)\n  ...\n# Subtest: capitalize: all uppercase string\nnot ok 6 - capitalize: all uppercase string\n  ---\n  duration_ms: 0.374381\n  location: '/home/runner/work/ai-agent-test/ai-agent-test/test/strings.test.js:21:1'\n  failureType: 'testCodeFailure'\n  error: |-\n    Expected values to be strictly equal:\n    + actual - expected\n    \n    + 'world'\n    - 'WORLD'\n  code: 'ERR_ASSERTION'\n  name: 'AssertionError'\n  expected: 'WORLD'\n  actual: 'world'\n  operator: 'strictEqual'\n  stack: |-\n    TestContext.<anonymous> (file:///home/runner/work/ai-agent-test/ai-agent-test/test/strings.test.js:22:12)\n    Test.runInAsyncScope (node:async_hooks:206:9)\n    Test.run (node:internal/test_runner/test:796:25)\n    Test.processPendingSubtests (node:internal/test_runner/test:526:18)\n    Test.postRun (node:internal/test_runner/test:889:19)\n    Test.run (node:internal/test_runner/test:835:12)\n    async Test.processPendingSubtests (node:internal/test_runner/test:526:7)\n  ...\n# Subtest: capitalize: empty string\nok 7 - capitalize: empty string\n  ---\n  duration_ms: 0.241007\n  ...\n# Subtest: capitalize: does not lowercase entire string\nnot ok 8 - capitalize: does not lowercase entire string\n  ---\n  duration_ms: 0.29877\n  location: '/home/runner/work/ai-agent-test/ai-agent-test/test/strings.test.js:29:1'\n  failureType: 'testCodeFailure'\n  error: |-\n    Expected \"actual\" to be strictly unequal to:\n    \n    'hello'\n  code: 'ERR_ASSERTION'\n  name: 'AssertionError'\n  expected: 'hello'\n  actual: 'hello'\n  operator: 'notStrictEqual'\n  stack: |-\n    TestContext.<anonymous> (file:///home/runner/work/ai-agent-test/ai-agent-test/test/strings.test.js:31:12)\n    Test.runInAsyncScope (node:async_hooks:206:9)\n    Test.run (node:internal/test_runner/test:796:25)\n    Test.processPendingSubtests (node:internal/test_runner/test:526:18)\n    Test.postRun (node:internal/test_runner/test:889:19)\n    Test.run (node:internal/test_runner/test:835:12)\n    async Test.processPendingSubtests (node:internal/test_runner/test:526:7)\n  ...\n# Subtest: repeat: repeats string exactly n times\nnot ok 9 - repeat: repeats string exactly n times\n  ---\n  duration_ms: 0.290692\n  location: '/home/runner/work/ai-agent-test/ai-agent-test/test/strings.test.js:34:1'\n  failureType: 'testCodeFailure'\n  error: |-\n    Expected values to be strictly equal:\n    + actual - expected\n    \n    + 'abababab'\n    - 'ababab'\n             ^\n  code: 'ERR_ASSERTION'\n  name: 'AssertionError'\n  expected: 'ababab'\n  actual: 'abababab'\n  operator: 'strictEqual'\n  stack: |-\n    TestContext.<anonymous> (file:///home/runner/work/ai-agent-test/ai-agent-test/test/strings.test.js:35:12)\n    Test.runInAsyncScope (node:async_hooks:206:9)\n    Test.run (node:internal/test_runner/test:796:25)\n    Test.processPendingSubtests (node:internal/test_runner/test:526:18)\n    Test.postRun (node:internal/test_runner/test:889:19)\n    Test.run (node:internal/test_runner/test:835:12)\n    async Test.processPendingSubtests (node:internal/test_runner/test:526:7)\n  ...\n# Subtest: repeat: repeat 1 time\nnot ok 10 - repeat: repeat 1 time\n  ---\n  duration_ms: 0.375502\n  location: '/home/runner/work/ai-agent-test/ai-agent-test/test/strings.test.js:38:1'\n  failureType: 'testCodeFailure'\n  error: |-\n    Expected values to be strictly equal:\n    + actual - expected\n    \n    + 'hellohello'\n    - 'hello'\n            ^\n  code: 'ERR_ASSERTION'\n  name: 'AssertionError'\n  expected: 'hello'\n  actual: 'hellohello'\n  operator: 'strictEqual'\n  stack: |-\n    TestContext.<anonymous> (file:///home/runner/work/ai-agent-test/ai-agent-test/test/strings.test.js:39:12)\n    Test.runInAsyncScope (node:async_hooks:206:9)\n    Test.run (node:internal/test_runner/test:796:25)\n    Test.processPendingSubtests (node:internal/test_runner/test:526:18)\n    Test.postRun (node:internal/test_runner/test:889:19)\n    Test.run (node:internal/test_runner/test:835:12)\n    async Test.processPendingSubtests (node:internal/test_runner/test:526:7)\n  ...\n# Subtest: repeat: repeat 0 times returns empty string\nnot ok 11 - repeat: repeat 0 times returns empty string\n  ---\n  duration_ms: 0.462592\n  location: '/home/runner/work/ai-agent-test/ai-agent-test/test/strings.test.js:42:1'\n  failureType: 'testCodeFailure'\n  error: |-\n    Expected values to be strictly equal:\n    \n    'hello' !== ''\n    \n  code: 'ERR_ASSERTION'\n  name: 'AssertionError'\n  expected: ''\n  actual: 'hello'\n  operator: 'strictEqual'\n  stack: |-\n    TestContext.<anonymous> (file:///home/runner/work/ai-agent-test/ai-agent-test/test/strings.test.js:43:12)\n    Test.runInAsyncScope (node:async_hooks:206:9)\n    Test.run (node:internal/test_runner/test:796:25)\n    Test.processPendingSubtests (node:internal/test_runner/test:526:18)\n    Test.postRun (node:internal/test_runner/test:889:19)\n    Test.run (node:internal/test_runner/test:835:12)\n    async Test.processPendingSubtests (node:internal/test_runner/test:526:7)\n  ...\n# Subtest: repeat: repeat 2 times\nnot ok 12 - repeat: repeat 2 times\n  ---\n  duration_ms: 0.287294\n  location: '/home/runner/work/ai-agent-test/ai-agent-test/test/strings.test.js:46:1'\n  failureType: 'testCodeFailure'\n  error: |-\n    Expected values to be strictly equal:\n    \n    'xxx' !== 'xx'\n    \n  code: 'ERR_ASSERTION'\n  name: 'AssertionError'\n  expected: 'xx'\n  actual: 'xxx'\n  operator: 'strictEqual'\n  stack: |-\n    TestContext.<anonymous> (file:///home/runner/work/ai-agent-test/ai-agent-test/test/strings.test.js:47:12)\n    Test.runInAsyncScope (node:async_hooks:206:9)\n    Test.run (node:internal/test_runner/test:796:25)\n    Test.processPendingSubtests (node:internal/test_runner/test:526:18)\n    Test.postRun (node:internal/test_runner/test:889:19)\n    Test.run (node:internal/test_runner/test:835:12)\n    async Test.processPendingSubtests (node:internal/test_runner/test:526:7)\n  ...\n# Subtest: repeat: does not return n+1 repetitions\nnot ok 13 - repeat: does not return n+1 repetitions\n  ---\n  duration_ms: 0.275598\n  location: '/home/runner/work/ai-agent-test/ai-agent-test/test/strings.test.js:50:1'\n  failureType: 'testCodeFailure'\n  error: |-\n    Expected \"actual\" to be strictly unequal to:\n    \n    'abababab'\n  code: 'ERR_ASSERTION'\n  name: 'AssertionError'\n  expected: 'abababab'\n  actual: 'abababab'\n  operator: 'notStrictEqual'\n  stack: |-\n    TestContext.<anonymous> (file:///home/runner/work/ai-agent-test/ai-agent-test/test/strings.test.js:52:12)\n    Test.runInAsyncScope (node:async_hooks:206:9)\n    Test.run (node:internal/test_runner/test:796:25)\n    Test.processPendingSubtests (node:internal/test_runner/test:526:18)\n    Test.postRun (node:internal/test_runner/test:889:19)\n    Test.run (node:internal/test_runner/test:835:12)\n    async Test.processPendingSubtests (node:internal/test_runner/test:526:7)\n  ...\n# Subtest: repeat: repeat single character multiple times\nnot ok 14 - repeat: repeat single character multiple times\n  ---\n  duration_ms: 0.263146\n  location: '/home/runner/work/ai-agent-test/ai-agent-test/test/strings.test.js:55:1'\n  failureType: 'testCodeFailure'\n  error: |-\n    Expected values to be strictly equal:\n    + actual - expected\n    \n    + 'aaaaaa'\n    - 'aaaaa'\n            ^\n  code: 'ERR_ASSERTION'\n  name: 'AssertionError'\n  expected: 'aaaaa'\n  actual: 'aaaaaa'\n  operator: 'strictEqual'\n  stack: |-\n    TestContext.<anonymous> (file:///home/runner/work/ai-agent-test/ai-agent-test/test/strings.test.js:56:12)\n    Test.runInAsyncScope (node:async_hooks:206:9)\n    Test.run (node:internal/test_runner/test:796:25)\n    Test.processPendingSubtests (node:internal/test_runner/test:526:18)\n    Test.postRun (node:internal/test_runner/test:889:19)\n    Test.run (node:internal/test_runner/test:835:12)\n    async Test.processPendingSubtests (node:internal/test_runner/test:526:7)\n  ...\n# Subtest: /home/runner/work/ai-agent-test/ai-agent-test/test/utils.js\nok 3 - /home/runner/work/ai-agent-test/ai-agent-test/test/utils.js\n  ---\n  duration_ms: 34.705244\n  ...\n# Subtest: capitalize: first letter uppercased, rest unchanged\nnot ok 16 - capitalize: first letter uppercased, rest unchanged\n  ---\n  duration_ms: 3.512254\n  location: '/home/runner/work/ai-agent-test/ai-agent-test/test/utils.test.js:5:1'\n  failureType: 'testCodeFailure'\n  error: |-\n    Expected values to be strictly equal:\n    + actual - expected\n    \n    + 'hello'\n    - 'Hello'\n  code: 'ERR_ASSERTION'\n  name: 'AssertionError'\n  expected: 'Hello'\n  actual: 'hello'\n  operator: 'strictEqual'\n  stack: |-\n    TestContext.<anonymous> (file:///home/runner/work/ai-agent-test/ai-agent-test/test/utils.test.js:6:10)\n    Test.runInAsyncScope (node:async_hooks:206:9)\n    Test.run (node:internal/test_runner/test:796:25)\n    Test.processPendingSubtests (node:internal/test_runner/test:526:18)\n    node:internal/test_runner/harness:255:12\n    node:internal/process/task_queues:140:7\n    AsyncResource.runInAsyncScope (node:async_hooks:206:9)\n    AsyncResource.runMicrotask (node:internal/process/task_queues:137:8)\n  ...\n# Subtest: capitalize: already uppercase first letter\nnot ok 17 - capitalize: already uppercase first letter\n  ---\n  duration_ms: 0.289472\n  location: '/home/runner/work/ai-agent-test/ai-agent-test/test/utils.test.js:9:1'\n  failureType: 'testCodeFailure'\n  error: |-\n    Expected values to be strictly equal:\n    + actual - expected\n    \n    + 'world'\n    - 'World'\n  code: 'ERR_ASSERTION'\n  name: 'AssertionError'\n  expected: 'World'\n  actual: 'world'\n  operator: 'strictEqual'\n  stack: |-\n    TestContext.<anonymous> (file:///home/runner/work/ai-agent-test/ai-agent-test/test/utils.test.js:10:10)\n    Test.runInAsyncScope (node:async_hooks:206:9)\n    Test.run (node:internal/test_runner/test:796:25)\n    Test.processPendingSubtests (node:internal/test_runner/test:526:18)\n    Test.postRun (node:internal/test_runner/test:889:19)\n    Test.run (node:internal/test_runner/test:835:12)\n    async Test.processPendingSubtests (node:internal/test_runner/test:526:7)\n  ...\n# Subtest: capitalize: mixed case rest unchanged\nnot ok 18 - capitalize: mixed case rest unchanged\n  ---\n  duration_ms: 0.299493\n  location: '/home/runner/work/ai-agent-test/ai-agent-test/test/utils.test.js:13:1'\n  failureType: 'testCodeFailure'\n  error: |-\n    Expected values to be strictly equal:\n    + actual - expected\n    \n    + 'hello'\n    - 'HELLO'\n  code: 'ERR_ASSERTION'\n  name: 'AssertionError'\n  expected: 'HELLO'\n  actual: 'hello'\n  operator: 'strictEqual'\n  stack: |-\n    TestContext.<anonymous> (file:///home/runner/work/ai-agent-test/ai-agent-test/test/utils.test.js:14:10)\n    Test.runInAsyncScope (node:async_hooks:206:9)\n    Test.run (node:internal/test_runner/test:796:25)\n    Test.processPendingSubtests (node:internal/test_runner/test:526:18)\n    Test.postRun (node:internal/test_runner/test:889:19)\n    Test.run (node:internal/test_runner/test:835:12)\n    async Test.processPendingSubtests (node:internal/test_runner/test:526:7)\n  ...\n# Subtest: capitalize: single character\nnot ok 19 - capitalize: single character\n  ---\n  duration_ms: 0.961374\n  location: '/home/runner/work/ai-agent-test/ai-agent-test/test/utils.test.js:17:1'\n  failureType: 'testCodeFailure'\n  error: |-\n    Expected values to be strictly equal:\n    \n    'a' !== 'A'\n    \n  code: 'ERR_ASSERTION'\n  name: 'AssertionError'\n  expected: 'A'\n  actual: 'a'\n  operator: 'strictEqual'\n  stack: |-\n    TestContext.<anonymous> (file:///home/runner/work/ai-agent-test/ai-agent-test/test/utils.test.js:18:10)\n    Test.runInAsyncScope (node:async_hooks:206:9)\n    Test.run (node:internal/test_runner/test:796:25)\n    Test.processPendingSubtests (node:internal/test_runner/test:526:18)\n    Test.postRun (node:internal/test_runner/test:889:19)\n    Test.run (node:internal/test_runner/test:835:12)\n    async Test.processPendingSubtests (node:internal/test_runner/test:526:7)\n  ...\n# Subtest: capitalize: empty string\nok 20 - capitalize: empty string\n  ---\n  duration_ms: 0.227041\n  ...\n# Subtest: capitalize: does not lowercase the entire string\nnot ok 21 - capitalize: does not lowercase the entire string\n  ---\n  duration_ms: 0.183656\n  location: '/home/runner/work/ai-agent-test/ai-agent-test/test/utils.test.js:25:1'\n  failureType: 'testCodeFailure'\n  error: |-\n    Expected values to be strictly equal:\n    + actual - expected\n    \n    + 'hello world'\n    - 'HELLO WORLD'\n  code: 'ERR_ASSERTION'\n  name: 'AssertionError'\n  expected: 'HELLO WORLD'\n  actual: 'hello world'\n  operator: 'strictEqual'\n  stack: |-\n    TestContext.<anonymous> (file:///home/runner/work/ai-agent-test/ai-agent-test/test/utils.test.js:26:10)\n    Test.runInAsyncScope (node:async_hooks:206:9)\n    Test.run (node:internal/test_runner/test:796:25)\n    Test.processPendingSubtests (node:internal/test_runner/test:526:18)\n    Test.postRun (node:internal/test_runner/test:889:19)\n    Test.run (node:internal/test_runner/test:835:12)\n    async Test.processPendingSubtests (node:internal/test_runner/test:526:7)\n  ...\n# Subtest: repeat: repeats string exactly n times\nnot ok 22 - repeat: repeats string exactly n times\n  ---\n  duration_ms: 0.172568\n  location: '/home/runner/work/ai-agent-test/ai-agent-test/test/utils.test.js:29:1'\n  failureType: 'testCodeFailure'\n  error: |-\n    Expected values to be strictly equal:\n    + actual - expected\n    \n    + 'abababab'\n    - 'ababab'\n             ^\n  code: 'ERR_ASSERTION'\n  name: 'AssertionError'\n  expected: 'ababab'\n  actual: 'abababab'\n  operator: 'strictEqual'\n  stack: |-\n    TestContext.<anonymous> (file:///home/runner/work/ai-agent-test/ai-agent-test/test/utils.test.js:30:10)\n    Test.runInAsyncScope (node:async_hooks:206:9)\n    Test.run (node:internal/test_runner/test:796:25)\n    Test.processPendingSubtests (node:internal/test_runner/test:526:18)\n    Test.postRun (node:internal/test_runner/test:889:19)\n    Test.run (node:internal/test_runner/test:835:12)\n    async Test.processPendingSubtests (node:internal/test_runner/test:526:7)\n  ...\n# Subtest: repeat: repeat 1 time\nnot ok 23 - repeat: repeat 1 time\n  ---\n  duration_ms: 0.172468\n  location: '/home/runner/work/ai-agent-test/ai-agent-test/test/utils.test.js:33:1'\n  failureType: 'testCodeFailure'\n  error: |-\n    Expected values to be strictly equal:\n    + actual - expected\n    \n    + 'hellohello'\n    - 'hello'\n            ^\n  code: 'ERR_ASSERTION'\n  name: 'AssertionError'\n  expected: 'hello'\n  actual: 'hellohello'\n  operator: 'strictEqual'\n  stack: |-\n    TestContext.<anonymous> (file:///home/runner/work/ai-agent-test/ai-agent-test/test/utils.test.js:34:10)\n    Test.runInAsyncScope (node:async_hooks:206:9)\n    Test.run (node:internal/test_runner/test:796:25)\n    Test.processPendingSubtests (node:internal/test_runner/test:526:18)\n    Test.postRun (node:internal/test_runner/test:889:19)\n    Test.run (node:internal/test_runner/test:835:12)\n    async Test.processPendingSubtests (node:internal/test_runner/test:526:7)\n  ...\n# Subtest: repeat: repeat 0 times\nnot ok 24 - repeat: repeat 0 times\n  ---\n  duration_ms: 0.22101\n  location: '/home/runner/work/ai-agent-test/ai-agent-test/test/utils.test.js:37:1'\n  failureType: 'testCodeFailure'\n  error: |-\n    Expected values to be strictly equal:\n    \n    'hello' !== ''\n    \n  code: 'ERR_ASSERTION'\n  name: 'AssertionError'\n  expected: ''\n  actual: 'hello'\n  operator: 'strictEqual'\n  stack: |-\n    TestContext.<anonymous> (file:///home/runner/work/ai-agent-test/ai-agent-test/test/utils.test.js:38:10)\n    Test.runInAsyncScope (node:async_hooks:206:9)\n    Test.run (node:internal/test_runner/test:796:25)\n    Test.processPendingSubtests (node:internal/test_runner/test:526:18)\n    Test.postRun (node:internal/test_runner/test:889:19)\n    Test.run (node:internal/test_runner/test:835:12)\n    async Test.processPendingSubtests (node:internal/test_runner/test:526:7)\n  ...\n# Subtest: repeat: repeat 2 times\nnot ok 25 - repeat: repeat 2 times\n  ---\n  duration_ms: 0.297434\n  location: '/home/runner/work/ai-agent-test/ai-agent-test/test/utils.test.js:41:1'\n  failureType: 'testCodeFailure'\n  error: |-\n    Expected values to be strictly equal:\n    + actual - expected\n    \n    + 'xyxyxy'\n    - 'xyxy'\n           ^\n  code: 'ERR_ASSERTION'\n  name: 'AssertionError'\n  expected: 'xyxy'\n  actual: 'xyxyxy'\n  operator: 'strictEqual'\n  stack: |-\n    TestContext.<anonymous> (file:///home/runner/work/ai-agent-test/ai-agent-test/test/utils.test.js:42:10)\n    Test.runInAsyncScope (node:async_hooks:206:9)\n    Test.run (node:internal/test_runner/test:796:25)\n    Test.processPendingSubtests (node:internal/test_runner/test:526:18)\n    Test.postRun (node:internal/test_runner/test:889:19)\n    Test.run (node:internal/test_runner/test:835:12)\n    async Test.processPendingSubtests (node:internal/test_runner/test:526:7)\n  ...\n# Subtest: repeat: does not return n+1 repetitions\nnot ok 26 - repeat: does not return n+1 repetitions\n  ---\n  duration_ms: 0.175437\n  location: '/home/runner/work/ai-agent-test/ai-agent-test/test/utils.test.js:45:1'\n  failureType: 'testCodeFailure'\n  error: |-\n    Expected values to be strictly equal:\n    \n    'aaaa' !== 'aaa'\n    \n  code: 'ERR_ASSERTION'\n  name: 'AssertionError'\n  expected: 'aaa'\n  actual: 'aaaa'\n  operator: 'strictEqual'\n  stack: |-\n    TestContext.<anonymous> (file:///home/runner/work/ai-agent-test/ai-agent-test/test/utils.test.js:47:10)\n    Test.runInAsyncScope (node:async_hooks:206:9)\n    Test.run (node:internal/test_runner/test:796:25)\n    Test.processPendingSubtests (node:internal/test_runner/test:526:18)\n    Test.postRun (node:internal/test_runner/test:889:19)\n    Test.run (node:internal/test_runner/test:835:12)\n    async Test.processPendingSubtests (node:internal/test_runner/test:526:7)\n  ...\n1..26\n# tests 26\n# suites 0\n# pass 4\n# fail 22\n# cancelled 0\n# skipped 0\n# todo 0\n# duration_ms 110.967989\n\nRepo context:\n--- FILE: test/strings.js ---\n// Bug: capitalize() should uppercase the first letter and leave the rest unchanged,\n// but currently lowercases the entire string.\nexport function capitalize(str) {\n    return str.toLowerCase();\n}\n\n// Bug: repeat() should return str repeated exactly n times,\n// but currently returns n+1 repetitions.\nexport function repeat(str, n) {\n    return str.repeat(n + 1);\n}\n\n\n--- FILE: test/strings.test.js ---\nimport test from \"node:test\";\nimport assert from \"node:assert/strict\";\nimport { capitalize, repeat } from \"./strings.js\";\n\ntest(\"capitalize: uppercases first letter, leaves rest unchanged\", () => {\n    assert.equal(capitalize(\"hello\"), \"Hello\");\n});\n\ntest(\"capitalize: single character\", () => {\n    assert.equal(capitalize(\"a\"), \"A\");\n});\n\ntest(\"capitalize: already capitalized string\", () => {\n    assert.equal(capitalize(\"Hello\"), \"Hello\");\n});\n\ntest(\"capitalize: preserves mixed case after first letter\", () => {\n    assert.equal(capitalize(\"hELLO\"), \"HELLO\");\n});\n\ntest(\"capitalize: all uppercase string\", () => {\n    assert.equal(capitalize(\"WORLD\"), \"WORLD\");\n});\n\ntest(\"capitalize: empty string\", () => {\n    assert.equal(capitalize(\"\"), \"\");\n});\n\ntest(\"capitalize: does not lowercase entire string\", () => {\n    const result = capitalize(\"hELLO\");\n    assert.notEqual(result, \"hello\");\n});\n\ntest(\"repeat: repeats string exactly n times\", () => {\n    assert.equal(repeat(\"ab\", 3), \"ababab\");\n});\n\ntest(\"repeat: repeat 1 time\", () => {\n    assert.equal(repeat(\"hello\", 1), \"hello\");\n});\n\ntest(\"repeat: repeat 0 times returns empty string\", () => {\n    assert.equal(repeat(\"hello\", 0), \"\");\n});\n\ntest(\"repeat: repeat 2 times\", () => {\n    assert.equal(repeat(\"x\", 2), \"xx\");\n});\n\ntest(\"repeat: does not return n+1 repetitions\", () => {\n    const result = repeat(\"ab\", 3);\n    assert.notEqual(result, \"abababab\");\n});\n\ntest(\"repeat: repeat single character multiple times\", () => {\n    assert.equal(repeat(\"a\", 5), \"aaaaa\");\n});\n\n\n--- FILE: test/utils.js ---\nexport function add(a, b) { return a + b }\nexport function sub(a, b) { return a - b }\n\n\n--- FILE: test/utils.test.js ---\nimport test from 'node:test';\nimport assert from 'node:assert/strict';\nimport { capitalize, repeat } from './strings.js';\n\ntest('capitalize: first letter uppercased, rest unchanged', () => {\n  assert.equal(capitalize('hello'), 'Hello');\n});\n\ntest('capitalize: already uppercase first letter', () => {\n  assert.equal(capitalize('World'), 'World');\n});\n\ntest('capitalize: mixed case rest unchanged', () => {\n  assert.equal(capitalize('hELLO'), 'HELLO');\n});\n\ntest('capitalize: single character', () => {\n  assert.equal(capitalize('a'), 'A');\n});\n\ntest('capitalize: empty string', () => {\n  assert.equal(capitalize(''), '');\n});\n\ntest('capitalize: does not lowercase the entire string', () => {\n  assert.equal(capitalize('hELLO WORLD'), 'HELLO WORLD');\n});\n\ntest('repeat: repeats string exactly n times', () => {\n  assert.equal(repeat('ab', 3), 'ababab');\n});\n\ntest('repeat: repeat 1 time', () => {\n  assert.equal(repeat('hello', 1), 'hello');\n});\n\ntest('repeat: repeat 0 times', () => {\n  assert.equal(repeat('hello', 0), '');\n});\n\ntest('repeat: repeat 2 times', () => {\n  assert.equal(repeat('xy', 2), 'xyxy');\n});\n\ntest('repeat: does not return n+1 repetitions', () => {\n  const result = repeat('a', 3);\n  assert.equal(result, 'aaa');\n  assert.notEqual(result, 'aaaa');\n});\n\n\n--- FILE: package.json ---\n{\n    \"name\": \"ai-agent-test\",\n    \"version\": \"1.0.0\",\n    \"type\": \"module\",\n    \"scripts\": {\n        \"test\": \"node --test\"\n    }\n}\n\nReturn the complete fixed file(s) so tests pass."}],"system":"You are an autonomous code-fixing agent. Return the complete fixed content for every file that needs changes. For each file use exactly this format:\n=== FILE: path/to/file ===\n<complete file content>\n=== END ===\nNo explanations. No markdown fences."}